<?xml version="1.0" encoding="UTF-8"?>
<!-- Generated by org.testng.reporters.JUnitReportReporter -->
<testsuite hostname="DESKTOP-IHQ383Q" failures="0" tests="2" name="NeoStoxTestClasses.ValidateNeoStoxUserName1UsingPropertyFile" time="28.880" errors="0" timestamp="2023-01-14T21:11:56 IST" skipped="0">
  <testcase classname="NeoStoxTestClasses.ValidateNeoStoxUserName1UsingPropertyFile" name="validateAcBalance" time="14.796"/>
  <system-out>
    <![CDATA[getting AC Balance
Account balance isRs.5,00,000.00
Reading data from property file
data isnull
taking screenshot
screenShot taken and saved atC:\Users\Kiran\Desktop\New folder 5\Failed TC .png]]>
  </system-out>
  <testcase classname="NeoStoxTestClasses.ValidateNeoStoxUserName1UsingPropertyFile" name="validateUserName" time="14.084"/>
  <system-out>
    <![CDATA[getting actual user Name
Actual user name is-->Hi kiran rokade
Reading data from property file
data isHi kiran rokade
Reading data from property file
data isnull
taking screenshot
screenShot taken and saved atC:\Users\Kiran\Desktop\New folder 5\Failed TC .png]]>
  </system-out>
</testsuite> <!-- NeoStoxTestClasses.ValidateNeoStoxUserName1UsingPropertyFile -->
